# JRE version: Java(TM) SE Runtime Environment (8.0_40-b27) (build 1.8.0_40-b27)
# Java VM: Java HotSpot(TM) 64-Bit Server VM (25.40-b25 mixed mode bsd-amd64 compressed oops)
Heap:
 PSYoungGen      total 302592K, used 169770K [0x00000007aab00000, 0x00000007bff80000, 0x00000007c0000000)
  eden space 257024K, 56% used [0x00000007aab00000,0x00000007b37f04c0,0x00000007ba600000)
  from space 45568K, 55% used [0x00000007ba600000,0x00000007bbeda5c0,0x00000007bd280000)
  to   space 45056K, 0% used [0x00000007bd380000,0x00000007bd380000,0x00000007bff80000)
 ParOldGen       total 222208K, used 169835K [0x0000000780000000, 0x000000078d900000, 0x00000007aab00000)
  object space 222208K, 76% used [0x0000000780000000,0x000000078a5dac08,0x000000078d900000)
 Metaspace       used 24614K, capacity 24867K, committed 25344K, reserved 1071104K
  class space    used 2680K, capacity 2748K, committed 2816K, reserved 1048576K
GC Heap History (10 events):
Event: 66.311 GC heap before
{Heap before GC invocations=37 (full 6):
 PSYoungGen      total 294400K, used 247296K [0x00000007aab00000, 0x00000007bfc80000, 0x00000007c0000000)
  eden space 247296K, 100% used [0x00000007aab00000,0x00000007b9c80000,0x00000007b9c80000)
  from space 47104K, 0% used [0x00000007bce80000,0x00000007bce80000,0x00000007bfc80000)
  to   space 49152K, 0% used [0x00000007b9c80000,0x00000007b9c80000,0x00000007bcc80000)
 ParOldGen       total 222208K, used 140616K [0x0000000780000000, 0x000000078d900000, 0x00000007aab00000)
  object space 222208K, 63% used [0x0000000780000000,0x0000000788952390,0x000000078d900000)
 Metaspace       used 24296K, capacity 24533K, committed 24832K, reserved 1071104K
  class space    used 2676K, capacity 2747K, committed 2816K, reserved 1048576K
Event: 66.331 GC heap after
Heap after GC invocations=37 (full 6):
 PSYoungGen      total 296448K, used 5888K [0x00000007aab00000, 0x00000007c0000000, 0x00000007c0000000)
  eden space 247296K, 0% used [0x00000007aab00000,0x00000007aab00000,0x00000007b9c80000)
  from space 49152K, 11% used [0x00000007b9c80000,0x00000007ba240000,0x00000007bcc80000)
  to   space 48640K, 0% used [0x00000007bd080000,0x00000007bd080000,0x00000007c0000000)
 ParOldGen       total 222208K, used 140616K [0x0000000780000000, 0x000000078d900000, 0x00000007aab00000)
  object space 222208K, 63% used [0x0000000780000000,0x0000000788952390,0x000000078d900000)
 Metaspace       used 24296K, capacity 24533K, committed 24832K, reserved 1071104K
  class space    used 2676K, capacity 2747K, committed 2816K, reserved 1048576K
}
Event: 67.271 GC heap before
{Heap before GC invocations=38 (full 6):
 PSYoungGen      total 296448K, used 253184K [0x00000007aab00000, 0x00000007c0000000, 0x00000007c0000000)
  eden space 247296K, 100% used [0x00000007aab00000,0x00000007b9c80000,0x00000007b9c80000)
  from space 49152K, 11% used [0x00000007b9c80000,0x00000007ba240000,0x00000007bcc80000)
  to   space 48640K, 0% used [0x00000007bd080000,0x00000007bd080000,0x00000007c0000000)
 ParOldGen       total 222208K, used 140616K [0x0000000780000000, 0x000000078d900000, 0x00000007aab00000)
  object space 222208K, 63% used [0x0000000780000000,0x0000000788952390,0x000000078d900000)
 Metaspace       used 24301K, capacity 24533K, committed 24832K, reserved 1071104K
  class space    used 2676K, capacity 2747K, committed 2816K, reserved 1048576K
Event: 67.326 GC heap after
Heap after GC invocations=38 (full 6):
 PSYoungGen      total 294400K, used 17091K [0x00000007aab00000, 0x00000007bfa80000, 0x00000007c0000000)
  eden space 251392K, 0% used [0x00000007aab00000,0x00000007aab00000,0x00000007ba080000)
  from space 43008K, 39% used [0x00000007bd080000,0x00000007be130e38,0x00000007bfa80000)
  to   space 46080K, 0% used [0x00000007ba080000,0x00000007ba080000,0x00000007bcd80000)
 ParOldGen       total 222208K, used 146520K [0x0000000780000000, 0x000000078d900000, 0x00000007aab00000)
  object space 222208K, 65% used [0x0000000780000000,0x0000000788f16390,0x000000078d900000)
 Metaspace       used 24301K, capacity 24533K, committed 24832K, reserved 1071104K
  class space    used 2676K, capacity 2747K, committed 2816K, reserved 1048576K
}
Event: 68.676 GC heap before
{Heap before GC invocations=39 (full 6):
 PSYoungGen      total 294400K, used 268483K [0x00000007aab00000, 0x00000007bfa80000, 0x00000007c0000000)
  eden space 251392K, 100% used [0x00000007aab00000,0x00000007ba080000,0x00000007ba080000)
  from space 43008K, 39% used [0x00000007bd080000,0x00000007be130e38,0x00000007bfa80000)
  to   space 46080K, 0% used [0x00000007ba080000,0x00000007ba080000,0x00000007bcd80000)
 ParOldGen       total 222208K, used 146520K [0x0000000780000000, 0x000000078d900000, 0x00000007aab00000)
  object space 222208K, 65% used [0x0000000780000000,0x0000000788f16390,0x000000078d900000)
 Metaspace       used 24303K, capacity 24533K, committed 24832K, reserved 1071104K
  class space    used 2676K, capacity 2747K, committed 2816K, reserved 1048576K
Event: 68.748 GC heap after
Heap after GC invocations=39 (full 6):
 PSYoungGen      total 297472K, used 25449K [0x00000007aab00000, 0x00000007c0000000, 0x00000007c0000000)
  eden space 251392K, 0% used [0x00000007aab00000,0x00000007aab00000,0x00000007ba080000)
  from space 46080K, 55% used [0x00000007ba080000,0x00000007bb95a5c0,0x00000007bcd80000)
  to   space 46080K, 0% used [0x00000007bd300000,0x00000007bd300000,0x00000007c0000000)
 ParOldGen       total 222208K, used 157142K [0x0000000780000000, 0x000000078d900000, 0x00000007aab00000)
  object space 222208K, 70% used [0x0000000780000000,0x00000007899758a8,0x000000078d900000)
 Metaspace       used 24303K, capacity 24533K, committed 24832K, reserved 1071104K
  class space    used 2676K, capacity 2747K, committed 2816K, reserved 1048576K
}
Event: 69.637 GC heap before
{Heap before GC invocations=40 (full 6):
 PSYoungGen      total 297472K, used 276841K [0x00000007aab00000, 0x00000007c0000000, 0x00000007c0000000)
  eden space 251392K, 100% used [0x00000007aab00000,0x00000007ba080000,0x00000007ba080000)
  from space 46080K, 55% used [0x00000007ba080000,0x00000007bb95a5c0,0x00000007bcd80000)
  to   space 46080K, 0% used [0x00000007bd300000,0x00000007bd300000,0x00000007c0000000)
 ParOldGen       total 222208K, used 157142K [0x0000000780000000, 0x000000078d900000, 0x00000007aab00000)
  object space 222208K, 70% used [0x0000000780000000,0x00000007899758a8,0x000000078d900000)
 Metaspace       used 24306K, capacity 24533K, committed 24832K, reserved 1071104K
  class space    used 2676K, capacity 2747K, committed 2816K, reserved 1048576K
Event: 69.699 GC heap after
Heap after GC invocations=40 (full 6):
 PSYoungGen      total 302080K, used 25417K [0x00000007aab00000, 0x00000007bff00000, 0x00000007c0000000)
  eden space 257024K, 0% used [0x00000007aab00000,0x00000007aab00000,0x00000007ba600000)
  from space 45056K, 56% used [0x00000007bd300000,0x00000007bebd25c0,0x00000007bff00000)
  to   space 45568K, 0% used [0x00000007ba600000,0x00000007ba600000,0x00000007bd280000)
 ParOldGen       total 222208K, used 163488K [0x0000000780000000, 0x000000078d900000, 0x00000007aab00000)
  object space 222208K, 73% used [0x0000000780000000,0x0000000789fa8258,0x000000078d900000)
 Metaspace       used 24306K, capacity 24533K, committed 24832K, reserved 1071104K
  class space    used 2676K, capacity 2747K, committed 2816K, reserved 1048576K
}
Event: 70.627 GC heap before
{Heap before GC invocations=41 (full 6):
 PSYoungGen      total 302080K, used 282441K [0x00000007aab00000, 0x00000007bff00000, 0x00000007c0000000)
  eden space 257024K, 100% used [0x00000007aab00000,0x00000007ba600000,0x00000007ba600000)
  from space 45056K, 56% used [0x00000007bd300000,0x00000007bebd25c0,0x00000007bff00000)
  to   space 45568K, 0% used [0x00000007ba600000,0x00000007ba600000,0x00000007bd280000)
 ParOldGen       total 222208K, used 163488K [0x0000000780000000, 0x000000078d900000, 0x00000007aab00000)
  object space 222208K, 73% used [0x0000000780000000,0x0000000789fa8258,0x000000078d900000)
 Metaspace       used 24313K, capacity 24533K, committed 24832K, reserved 1071104K
  class space    used 2676K, capacity 2747K, committed 2816K, reserved 1048576K
Event: 70.713 GC heap after
Heap after GC invocations=41 (full 6):
 PSYoungGen      total 302592K, used 25449K [0x00000007aab00000, 0x00000007bff80000, 0x00000007c0000000)
  eden space 257024K, 0% used [0x00000007aab00000,0x00000007aab00000,0x00000007ba600000)
  from space 45568K, 55% used [0x00000007ba600000,0x00000007bbeda5c0,0x00000007bd280000)
  to   space 45056K, 0% used [0x00000007bd380000,0x00000007bd380000,0x00000007bff80000)
 ParOldGen       total 222208K, used 169835K [0x0000000780000000, 0x000000078d900000, 0x00000007aab00000)
  object space 222208K, 76% used [0x0000000780000000,0x000000078a5dac08,0x000000078d900000)
 Metaspace       used 24313K, capacity 24533K, committed 24832K, reserved 1071104K
  class space    used 2676K, capacity 2747K, committed 2816K, reserved 1048576K
}

