# JRE version: Java(TM) SE Runtime Environment (8.0_40-b27) (build 1.8.0_40-b27)
# Java VM: Java HotSpot(TM) 64-Bit Server VM (25.40-b25 mixed mode bsd-amd64 compressed oops)
Heap:
 PSYoungGen      total 318464K, used 136984K [0x00000007aab00000, 0x00000007c0000000, 0x00000007c0000000)
  eden space 291840K, 37% used [0x00000007aab00000,0x00000007b171b4c0,0x00000007bc800000)
  from space 26624K, 98% used [0x00000007bc800000,0x00000007be1aaf30,0x00000007be200000)
  to   space 30720K, 0% used [0x00000007be200000,0x00000007be200000,0x00000007c0000000)
 ParOldGen       total 164352K, used 138150K [0x0000000780000000, 0x000000078a080000, 0x00000007aab00000)
  object space 164352K, 84% used [0x0000000780000000,0x00000007886e9b58,0x000000078a080000)
 Metaspace       used 20105K, capacity 20315K, committed 20608K, reserved 1067008K
  class space    used 2030K, capacity 2092K, committed 2176K, reserved 1048576K
GC Heap History (10 events):
Event: 16.411 GC heap before
{Heap before GC invocations=20 (full 2):
 PSYoungGen      total 338944K, used 6848K [0x00000007aab00000, 0x00000007c0000000, 0x00000007c0000000)
  eden space 328192K, 0% used [0x00000007aab00000,0x00000007aab00000,0x00000007beb80000)
  from space 10752K, 63% used [0x00000007bf580000,0x00000007bfc30000,0x00000007c0000000)
  to   space 10240K, 0% used [0x00000007beb80000,0x00000007beb80000,0x00000007bf580000)
 ParOldGen       total 70656K, used 66828K [0x0000000780000000, 0x0000000784500000, 0x00000007aab00000)
  object space 70656K, 94% used [0x0000000780000000,0x0000000784143380,0x0000000784500000)
 Metaspace       used 18457K, capacity 18677K, committed 18944K, reserved 1067008K
  class space    used 1908K, capacity 1995K, committed 2048K, reserved 1048576K
Event: 17.211 GC heap after
Heap after GC invocations=20 (full 2):
 PSYoungGen      total 338944K, used 2211K [0x00000007aab00000, 0x00000007c0000000, 0x00000007c0000000)
  eden space 328192K, 0% used [0x00000007aab00000,0x00000007aab00000,0x00000007beb80000)
  from space 10752K, 20% used [0x00000007bf580000,0x00000007bf7a8fc8,0x00000007c0000000)
  to   space 10240K, 0% used [0x00000007beb80000,0x00000007beb80000,0x00000007bf580000)
 ParOldGen       total 110592K, used 70501K [0x0000000780000000, 0x0000000786c00000, 0x00000007aab00000)
  object space 110592K, 63% used [0x0000000780000000,0x00000007844d9508,0x0000000786c00000)
 Metaspace       used 18457K, capacity 18677K, committed 18944K, reserved 1067008K
  class space    used 1908K, capacity 1995K, committed 2048K, reserved 1048576K
}
Event: 19.732 GC heap before
{Heap before GC invocations=21 (full 2):
 PSYoungGen      total 338944K, used 330403K [0x00000007aab00000, 0x00000007c0000000, 0x00000007c0000000)
  eden space 328192K, 100% used [0x00000007aab00000,0x00000007beb80000,0x00000007beb80000)
  from space 10752K, 20% used [0x00000007bf580000,0x00000007bf7a8fc8,0x00000007c0000000)
  to   space 10240K, 0% used [0x00000007beb80000,0x00000007beb80000,0x00000007bf580000)
 ParOldGen       total 110592K, used 70501K [0x0000000780000000, 0x0000000786c00000, 0x00000007aab00000)
  object space 110592K, 63% used [0x0000000780000000,0x00000007844d9508,0x0000000786c00000)
 Metaspace       used 19787K, capacity 19995K, committed 20352K, reserved 1067008K
  class space    used 2018K, capacity 2092K, committed 2176K, reserved 1048576K
Event: 19.943 GC heap after
Heap after GC invocations=21 (full 2):
 PSYoungGen      total 338432K, used 10230K [0x00000007aab00000, 0x00000007c0000000, 0x00000007c0000000)
  eden space 328192K, 0% used [0x00000007aab00000,0x00000007aab00000,0x00000007beb80000)
  from space 10240K, 99% used [0x00000007beb80000,0x00000007bf57d8e8,0x00000007bf580000)
  to   space 10752K, 0% used [0x00000007bf580000,0x00000007bf580000,0x00000007c0000000)
 ParOldGen       total 110592K, used 96634K [0x0000000780000000, 0x0000000786c00000, 0x00000007aab00000)
  object space 110592K, 87% used [0x0000000780000000,0x0000000785e5e9e0,0x0000000786c00000)
 Metaspace       used 19787K, capacity 19995K, committed 20352K, reserved 1067008K
  class space    used 2018K, capacity 2092K, committed 2176K, reserved 1048576K
}
Event: 19.943 GC heap before
{Heap before GC invocations=22 (full 3):
 PSYoungGen      total 338432K, used 10230K [0x00000007aab00000, 0x00000007c0000000, 0x00000007c0000000)
  eden space 328192K, 0% used [0x00000007aab00000,0x00000007aab00000,0x00000007beb80000)
  from space 10240K, 99% used [0x00000007beb80000,0x00000007bf57d8e8,0x00000007bf580000)
  to   space 10752K, 0% used [0x00000007bf580000,0x00000007bf580000,0x00000007c0000000)
 ParOldGen       total 110592K, used 96634K [0x0000000780000000, 0x0000000786c00000, 0x00000007aab00000)
  object space 110592K, 87% used [0x0000000780000000,0x0000000785e5e9e0,0x0000000786c00000)
 Metaspace       used 19787K, capacity 19995K, committed 20352K, reserved 1067008K
  class space    used 2018K, capacity 2092K, committed 2176K, reserved 1048576K
Event: 20.800 GC heap after
Heap after GC invocations=22 (full 3):
 PSYoungGen      total 338432K, used 0K [0x00000007aab00000, 0x00000007c0000000, 0x00000007c0000000)
  eden space 328192K, 0% used [0x00000007aab00000,0x00000007aab00000,0x00000007beb80000)
  from space 10240K, 0% used [0x00000007beb80000,0x00000007beb80000,0x00000007bf580000)
  to   space 10752K, 0% used [0x00000007bf580000,0x00000007bf580000,0x00000007c0000000)
 ParOldGen       total 164352K, used 106458K [0x0000000780000000, 0x000000078a080000, 0x00000007aab00000)
  object space 164352K, 64% used [0x0000000780000000,0x00000007867f6a48,0x000000078a080000)
 Metaspace       used 19787K, capacity 19995K, committed 20352K, reserved 1067008K
  class space    used 2018K, capacity 2092K, committed 2176K, reserved 1048576K
}
Event: 22.626 GC heap before
{Heap before GC invocations=23 (full 3):
 PSYoungGen      total 338432K, used 328192K [0x00000007aab00000, 0x00000007c0000000, 0x00000007c0000000)
  eden space 328192K, 100% used [0x00000007aab00000,0x00000007beb80000,0x00000007beb80000)
  from space 10240K, 0% used [0x00000007beb80000,0x00000007beb80000,0x00000007bf580000)
  to   space 10752K, 0% used [0x00000007bf580000,0x00000007bf580000,0x00000007c0000000)
 ParOldGen       total 164352K, used 106458K [0x0000000780000000, 0x000000078a080000, 0x00000007aab00000)
  object space 164352K, 64% used [0x0000000780000000,0x00000007867f6a48,0x000000078a080000)
 Metaspace       used 19844K, capacity 20059K, committed 20352K, reserved 1067008K
  class space    used 2019K, capacity 2092K, committed 2176K, reserved 1048576K
Event: 22.783 GC heap after
Heap after GC invocations=23 (full 3):
 PSYoungGen      total 302592K, used 10724K [0x00000007aab00000, 0x00000007c0000000, 0x00000007c0000000)
  eden space 291840K, 0% used [0x00000007aab00000,0x00000007aab00000,0x00000007bc800000)
  from space 10752K, 99% used [0x00000007bf580000,0x00000007bfff9370,0x00000007c0000000)
  to   space 28672K, 0% used [0x00000007bc800000,0x00000007bc800000,0x00000007be400000)
 ParOldGen       total 164352K, used 128153K [0x0000000780000000, 0x000000078a080000, 0x00000007aab00000)
  object space 164352K, 77% used [0x0000000780000000,0x0000000787d267f8,0x000000078a080000)
 Metaspace       used 19844K, capacity 20059K, committed 20352K, reserved 1067008K
  class space    used 2019K, capacity 2092K, committed 2176K, reserved 1048576K
}
Event: 24.615 GC heap before
{Heap before GC invocations=24 (full 3):
 PSYoungGen      total 302592K, used 302564K [0x00000007aab00000, 0x00000007c0000000, 0x00000007c0000000)
  eden space 291840K, 100% used [0x00000007aab00000,0x00000007bc800000,0x00000007bc800000)
  from space 10752K, 99% used [0x00000007bf580000,0x00000007bfff9370,0x00000007c0000000)
  to   space 28672K, 0% used [0x00000007bc800000,0x00000007bc800000,0x00000007be400000)
 ParOldGen       total 164352K, used 128153K [0x0000000780000000, 0x000000078a080000, 0x00000007aab00000)
  object space 164352K, 77% used [0x0000000780000000,0x0000000787d267f8,0x000000078a080000)
 Metaspace       used 19847K, capacity 20123K, committed 20352K, reserved 1067008K
  class space    used 2019K, capacity 2092K, committed 2176K, reserved 1048576K
Event: 24.743 GC heap after
Heap after GC invocations=24 (full 3):
 PSYoungGen      total 318464K, used 26283K [0x00000007aab00000, 0x00000007c0000000, 0x00000007c0000000)
  eden space 291840K, 0% used [0x00000007aab00000,0x00000007aab00000,0x00000007bc800000)
  from space 26624K, 98% used [0x00000007bc800000,0x00000007be1aaf30,0x00000007be200000)
  to   space 30720K, 0% used [0x00000007be200000,0x00000007be200000,0x00000007c0000000)
 ParOldGen       total 164352K, used 138150K [0x0000000780000000, 0x000000078a080000, 0x00000007aab00000)
  object space 164352K, 84% used [0x0000000780000000,0x00000007886e9b58,0x000000078a080000)
 Metaspace       used 19847K, capacity 20123K, committed 20352K, reserved 1067008K
  class space    used 2019K, capacity 2092K, committed 2176K, reserved 1048576K
}

