<?xml version="1.0" encoding="UTF-8" ?>
<testsuites>
  <testsuite errors="1" failures="0" hostname="MacBook-Pro.local" id="0" name="TestSuite" package="tests" skipped="0" tests="16" time="16.608" timestamp="2015-09-22T13:37:42">
      <properties>
[...]
</properties>

      <testcase classname="tests.EdgeCurveTest" name="testGetClosestPointError" time="0.002" />

      <testcase classname="tests.EdgeCurveTest" name="testToString" time="0.001" />

      <testcase classname="tests.EdgeCurveTest" name="testGetSize" time="0.0" />

      <testcase classname="tests.EdgeCurveTest" name="testContainsPoint" time="0.001" />

      <testcase classname="tests.EdgeCurveTest" name="testGetClosestPoint" time="0.001" />

      <testcase classname="tests.EdgeCurveTest" name="testGetVector" time="0.001" />

      <testcase classname="tests.DirectionFieldTest" name="testGetEdgeCurveSize" time="0.009" />

      <testcase classname="tests.DirectionFieldTest" name="testGetImageHeightWidth" time="0.005" />

      <testcase classname="tests.DirectionFieldTest" name="testCalcGradOfSurface" time="0.007" />

      <testcase classname="tests.DirectionFieldTest" name="testSurfacePoint" time="0.007" />

      <testcase classname="tests.DirectionFieldTest" name="testGetEdgeCurveVector" time="0.003" />

      <testcase classname="tests.DirectionFieldTest" name="testDirectionFieldPoint" time="0.013" />

      <testcase classname="tests.DirectionFieldTest" name="testCreateSurfaceTime" time="1.037">
          <error message="test timed out after 1000 milliseconds" type="java.lang.Exception">java.lang.Exception: test timed out after 1000 milliseconds
	at main.EdgeCurve.getClosestPoint(EdgeCurve.java:33)
	at main.DirectionField.getSurfaceValue(DirectionField.java:87)
	at main.DirectionField.createSurface(DirectionField.java:43)
	at main.DirectionField.&lt;init&gt;(DirectionField.java:27)
	at tests.DirectionFieldTest.testCreateSurfaceTime(DirectionFieldTest.java:49)
</error>

      </testcase>

      <testcase classname="tests.VoronoiDiagramTest" name="testGetRandomColours" time="0.57" />

      <testcase classname="tests.VoronoiDiagramTest" name="testPlaceFrustums" time="14.796" />

      <testcase classname="tests.VoronoiDiagramTest" name="testGetRandomPoints" time="0.002" />

      <system-out><![CDATA[Inside testGetClosestPointError()
Inside testToString()
Inside testGetSize()
Inside testContainsPoint()
Inside testGetClosestPoint()
Inside testGetVector()
Inside testGetEdgeCurveSize()
Inside testGetImageHeightWidth()
Inside testCalcGradOfSurface()
Inside testSurfacePoint()
Inside testGetEdgeCurveVector()
Inside testDirectionFieldPoint()
Inside testCreateSurfaceTime()
Inside testGetRandomColours()
Inside testGetRandomPoints()
]]></system-out>

      <system-err><![CDATA[]]></system-err>

  </testsuite>
</testsuites>
